# JRE version: Java(TM) SE Runtime Environment (7.0_79-b15) (build 1.7.0_79-b15)
# Java VM: Java HotSpot(TM) Client VM (24.79-b02 mixed mode windows-x86 )
Heap
 def new generation   total 172288K, used 79468K [0x04a00000, 0x104f0000, 0x14a00000)
  eden space 153152K,  39% used [0x04a00000, 0x084eb368, 0x0df90000)
  from space 19136K, 100% used [0x0f240000, 0x104f0000, 0x104f0000)
  to   space 19136K,   0% used [0x0df90000, 0x0df90000, 0x0f240000)
 tenured generation   total 382792K, used 272542K [0x14a00000, 0x2bfd2000, 0x34a00000)
   the space 382792K,  71% used [0x14a00000, 0x25427a68, 0x25427c00, 0x2bfd2000)
 compacting perm gen  total 66560K, used 66505K [0x34a00000, 0x38b00000, 0x44a00000)
   the space 66560K,  99% used [0x34a00000, 0x38af24d0, 0x38af2600, 0x38b00000)
GC Heap History (10 events):
Event: 5445.921 GC heap before
{Heap before GC invocations=330 (full 13):
 def new generation   total 172288K, used 163552K [0x04a00000, 0x104f0000, 0x14a00000)
  eden space 153152K, 100% used [0x04a00000, 0x0df90000, 0x0df90000)
  from space 19136K,  54% used [0x0df90000, 0x0e9b8110, 0x0f240000)
  to   space 19136K,   0% used [0x0f240000, 0x0f240000, 0x104f0000)
 tenured generation   total 382792K, used 248249K [0x14a00000, 0x2bfd2000, 0x34a00000)
   the space 382792K,  64% used [0x14a00000, 0x23c6e5e8, 0x23c6e600, 0x2bfd2000)
 compacting perm gen  total 66560K, used 66371K [0x34a00000, 0x38b00000, 0x44a00000)
   the space 66560K,  99% used [0x34a00000, 0x38ad0e88, 0x38ad1000, 0x38b00000)
No shared spaces configured.
Event: 5445.939 GC heap after
Heap after GC invocations=331 (full 13):
 def new generation   total 172288K, used 9638K [0x04a00000, 0x104f0000, 0x14a00000)
  eden space 153152K,   0% used [0x04a00000, 0x04a00000, 0x0df90000)
  from space 19136K,  50% used [0x0f240000, 0x0fba9978, 0x104f0000)
  to   space 19136K,   0% used [0x0df90000, 0x0df90000, 0x0f240000)
 tenured generation   total 382792K, used 249369K [0x14a00000, 0x2bfd2000, 0x34a00000)
   the space 382792K,  65% used [0x14a00000, 0x23d86648, 0x23d86800, 0x2bfd2000)
 compacting perm gen  total 66560K, used 66371K [0x34a00000, 0x38b00000, 0x44a00000)
   the space 66560K,  99% used [0x34a00000, 0x38ad0e88, 0x38ad1000, 0x38b00000)
No shared spaces configured.
}
Event: 5500.118 GC heap before
{Heap before GC invocations=331 (full 13):
 def new generation   total 172288K, used 162790K [0x04a00000, 0x104f0000, 0x14a00000)
  eden space 153152K, 100% used [0x04a00000, 0x0df90000, 0x0df90000)
  from space 19136K,  50% used [0x0f240000, 0x0fba9978, 0x104f0000)
  to   space 19136K,   0% used [0x0df90000, 0x0df90000, 0x0f240000)
 tenured generation   total 382792K, used 249369K [0x14a00000, 0x2bfd2000, 0x34a00000)
   the space 382792K,  65% used [0x14a00000, 0x23d86648, 0x23d86800, 0x2bfd2000)
 compacting perm gen  total 66560K, used 66391K [0x34a00000, 0x38b00000, 0x44a00000)
   the space 66560K,  99% used [0x34a00000, 0x38ad5c90, 0x38ad5e00, 0x38b00000)
No shared spaces configured.
Event: 5500.142 GC heap after
Heap after GC invocations=332 (full 13):
 def new generation   total 172288K, used 10107K [0x04a00000, 0x104f0000, 0x14a00000)
  eden space 153152K,   0% used [0x04a00000, 0x04a00000, 0x0df90000)
  from space 19136K,  52% used [0x0df90000, 0x0e96ecd8, 0x0f240000)
  to   space 19136K,   0% used [0x0f240000, 0x0f240000, 0x104f0000)
 tenured generation   total 382792K, used 250424K [0x14a00000, 0x2bfd2000, 0x34a00000)
   the space 382792K,  65% used [0x14a00000, 0x23e8e0b8, 0x23e8e200, 0x2bfd2000)
 compacting perm gen  total 66560K, used 66391K [0x34a00000, 0x38b00000, 0x44a00000)
   the space 66560K,  99% used [0x34a00000, 0x38ad5c90, 0x38ad5e00, 0x38b00000)
No shared spaces configured.
}
Event: 5543.100 GC heap before
{Heap before GC invocations=332 (full 13):
 def new generation   total 172288K, used 163259K [0x04a00000, 0x104f0000, 0x14a00000)
  eden space 153152K, 100% used [0x04a00000, 0x0df90000, 0x0df90000)
  from space 19136K,  52% used [0x0df90000, 0x0e96ecd8, 0x0f240000)
  to   space 19136K,   0% used [0x0f240000, 0x0f240000, 0x104f0000)
 tenured generation   total 382792K, used 250424K [0x14a00000, 0x2bfd2000, 0x34a00000)
   the space 382792K,  65% used [0x14a00000, 0x23e8e0b8, 0x23e8e200, 0x2bfd2000)
 compacting perm gen  total 66560K, used 66410K [0x34a00000, 0x38b00000, 0x44a00000)
   the space 66560K,  99% used [0x34a00000, 0x38adaa48, 0x38adac00, 0x38b00000)
No shared spaces configured.
Event: 5543.119 GC heap after
Heap after GC invocations=333 (full 13):
 def new generation   total 172288K, used 9638K [0x04a00000, 0x104f0000, 0x14a00000)
  eden space 153152K,   0% used [0x04a00000, 0x04a00000, 0x0df90000)
  from space 19136K,  50% used [0x0f240000, 0x0fba9af0, 0x104f0000)
  to   space 19136K,   0% used [0x0df90000, 0x0df90000, 0x0f240000)
 tenured generation   total 382792K, used 251049K [0x14a00000, 0x2bfd2000, 0x34a00000)
   the space 382792K,  65% used [0x14a00000, 0x23f2a4f0, 0x23f2a600, 0x2bfd2000)
 compacting perm gen  total 66560K, used 66410K [0x34a00000, 0x38b00000, 0x44a00000)
   the space 66560K,  99% used [0x34a00000, 0x38adaa48, 0x38adac00, 0x38b00000)
No shared spaces configured.
}
Event: 5847.112 GC heap before
{Heap before GC invocations=333 (full 13):
 def new generation   total 172288K, used 162790K [0x04a00000, 0x104f0000, 0x14a00000)
  eden space 153152K, 100% used [0x04a00000, 0x0df90000, 0x0df90000)
  from space 19136K,  50% used [0x0f240000, 0x0fba9af0, 0x104f0000)
  to   space 19136K,   0% used [0x0df90000, 0x0df90000, 0x0f240000)
 tenured generation   total 382792K, used 251049K [0x14a00000, 0x2bfd2000, 0x34a00000)
   the space 382792K,  65% used [0x14a00000, 0x23f2a4f0, 0x23f2a600, 0x2bfd2000)
 compacting perm gen  total 66560K, used 66443K [0x34a00000, 0x38b00000, 0x44a00000)
   the space 66560K,  99% used [0x34a00000, 0x38ae2c20, 0x38ae2e00, 0x38b00000)
No shared spaces configured.
Event: 5847.158 GC heap after
Heap after GC invocations=334 (full 13):
 def new generation   total 172288K, used 9806K [0x04a00000, 0x104f0000, 0x14a00000)
  eden space 153152K,   0% used [0x04a00000, 0x04a00000, 0x0df90000)
  from space 19136K,  51% used [0x0df90000, 0x0e9239b0, 0x0f240000)
  to   space 19136K,   0% used [0x0f240000, 0x0f240000, 0x104f0000)
 tenured generation   total 382792K, used 251672K [0x14a00000, 0x2bfd2000, 0x34a00000)
   the space 382792K,  65% used [0x14a00000, 0x23fc6388, 0x23fc6400, 0x2bfd2000)
 compacting perm gen  total 66560K, used 66443K [0x34a00000, 0x38b00000, 0x44a00000)
   the space 66560K,  99% used [0x34a00000, 0x38ae2c20, 0x38ae2e00, 0x38b00000)
No shared spaces configured.
}
Event: 5884.508 GC heap before
{Heap before GC invocations=334 (full 13):
 def new generation   total 172288K, used 162725K [0x04a00000, 0x104f0000, 0x14a00000)
  eden space 153152K,  99% used [0x04a00000, 0x0df55d48, 0x0df90000)
  from space 19136K,  51% used [0x0df90000, 0x0e9239b0, 0x0f240000)
  to   space 19136K,   0% used [0x0f240000, 0x0f240000, 0x104f0000)
 tenured generation   total 382792K, used 251672K [0x14a00000, 0x2bfd2000, 0x34a00000)
   the space 382792K,  65% used [0x14a00000, 0x23fc6388, 0x23fc6400, 0x2bfd2000)
 compacting perm gen  total 66560K, used 66456K [0x34a00000, 0x38b00000, 0x44a00000)
   the space 66560K,  99% used [0x34a00000, 0x38ae61a8, 0x38ae6200, 0x38b00000)
No shared spaces configured.
Event: 5884.593 GC heap after
Heap after GC invocations=335 (full 13):
 def new generation   total 172288K, used 19136K [0x04a00000, 0x104f0000, 0x14a00000)
  eden space 153152K,   0% used [0x04a00000, 0x04a00000, 0x0df90000)
  from space 19136K, 100% used [0x0f240000, 0x104f0000, 0x104f0000)
  to   space 19136K,   0% used [0x0df90000, 0x0df90000, 0x0f240000)
 tenured generation   total 382792K, used 272542K [0x14a00000, 0x2bfd2000, 0x34a00000)
   the space 382792K,  71% used [0x14a00000, 0x25427a68, 0x25427c00, 0x2bfd2000)
 compacting perm gen  total 66560K, used 66456K [0x34a00000, 0x38b00000, 0x44a00000)
   the space 66560K,  99% used [0x34a00000, 0x38ae61a8, 0x38ae6200, 0x38b00000)
No shared spaces configured.
}

